<?xml version="1.0" encoding="UTF-8"?>
<TestRun id="f2c25ed4-0006-48af-b6a3-9345b02c59e8" name="Prasanth Guruprasad@XFT000099993001 2012-02-25 08:56:13" runUser="ADS\Prasanth Guruprasad" xmlns="http://microsoft.com/schemas/VisualStudio/TeamTest/2010">
  <TestSettings name="Local" id="b543f311-1713-4a50-a569-88fe0e05a448">
    <Description>These are default test settings for a local test run.</Description>
    <Deployment enabled="false" runDeploymentRoot="Prasanth Guruprasad_XFT000099993001 2012-02-25 08_56_13" />
    <Execution>
      <TestTypeSpecific />
      <AgentRule name="Execution Agents">
      </AgentRule>
    </Execution>
  </TestSettings>
  <Times creation="2012-02-25T08:56:13.6907098+05:30" queuing="2012-02-25T08:56:13.8517190+05:30" start="2012-02-25T08:56:13.8637197+05:30" finish="2012-02-25T08:56:14.4797550+05:30" />
  <ResultSummary outcome="Failed">
    <Counters total="13" executed="13" passed="12" error="0" failed="1" timeout="0" aborted="0" inconclusive="0" passedButRunAborted="0" notRunnable="0" notExecuted="0" disconnected="0" warning="0" completed="0" inProgress="0" pending="0" />
  </ResultSummary>
  <TestDefinitions>
    <UnitTest name="ShouldAggregateOverElementsInASequenceGivenASeed" storage="c:\users\prasanth guruprasad\documents\visual studio 2010\projects\ienumerable.tests\ienumerable.tests\bin\debug\ienumerable.tests.dll" id="0ba00e99-d7ed-2fb0-b051-e7103cb83408">
      <Execution id="09c1ae93-9681-4e4e-8f09-e07a77bf3ea8" />
      <TestMethod codeBase="c:/users/prasanth guruprasad/documents/visual studio 2010/Projects/IEnumerable.Tests/IEnumerable.Tests/bin/Debug/IEnumerable.Tests.DLL" adapterTypeName="Microsoft.VisualStudio.TestTools.TestTypes.Unit.UnitTestAdapter, Microsoft.VisualStudio.QualityTools.Tips.UnitTest.Adapter, Version=10.0.0.0, Culture=neutral, PublicKeyToken=b03f5f7f11d50a3a" className="IEnumerable.Tests.TestAggregate, IEnumerable.Tests, Version=1.0.0.0, Culture=neutral, PublicKeyToken=null" name="ShouldAggregateOverElementsInASequenceGivenASeed" />
    </UnitTest>
    <UnitTest name="ShouldAggregateAllElementsInASequence" storage="c:\users\prasanth guruprasad\documents\visual studio 2010\projects\ienumerable.tests\ienumerable.tests\bin\debug\ienumerable.tests.dll" id="dcd10a40-1fd8-e7ea-9245-16e78f5e9ec1">
      <Execution id="b99f7d02-504b-414e-8d22-04a667ed1541" />
      <TestMethod codeBase="c:/users/prasanth guruprasad/documents/visual studio 2010/Projects/IEnumerable.Tests/IEnumerable.Tests/bin/Debug/IEnumerable.Tests.DLL" adapterTypeName="Microsoft.VisualStudio.TestTools.TestTypes.Unit.UnitTestAdapter, Microsoft.VisualStudio.QualityTools.Tips.UnitTest.Adapter, Version=10.0.0.0, Culture=neutral, PublicKeyToken=b03f5f7f11d50a3a" className="IEnumerable.Tests.TestAggregate, IEnumerable.Tests, Version=1.0.0.0, Culture=neutral, PublicKeyToken=null" name="ShouldAggregateAllElementsInASequence" />
    </UnitTest>
    <UnitTest name="ShouldAggregateAndSelectAValueFromFinalResult" storage="c:\users\prasanth guruprasad\documents\visual studio 2010\projects\ienumerable.tests\ienumerable.tests\bin\debug\ienumerable.tests.dll" id="073725d1-ac0c-4c79-7ee9-38b38bb533cb">
      <Execution id="c793af31-f054-4a89-aaa8-8f12f0e65d2d" />
      <TestMethod codeBase="c:/users/prasanth guruprasad/documents/visual studio 2010/Projects/IEnumerable.Tests/IEnumerable.Tests/bin/Debug/IEnumerable.Tests.DLL" adapterTypeName="Microsoft.VisualStudio.TestTools.TestTypes.Unit.UnitTestAdapter, Microsoft.VisualStudio.QualityTools.Tips.UnitTest.Adapter, Version=10.0.0.0, Culture=neutral, PublicKeyToken=b03f5f7f11d50a3a" className="IEnumerable.Tests.TestAggregate, IEnumerable.Tests, Version=1.0.0.0, Culture=neutral, PublicKeyToken=null" name="ShouldAggregateAndSelectAValueFromFinalResult" />
    </UnitTest>
    <UnitTest name="ShouldCheckWhetherAnyElementsSatisfyingApredicateExist" storage="c:\users\prasanth guruprasad\documents\visual studio 2010\projects\ienumerable.tests\ienumerable.tests\bin\debug\ienumerable.tests.dll" id="2c36914b-885d-c3f0-4965-b554d784c274">
      <Execution id="833994bb-19ae-48dc-94ee-09a8adfb8fea" />
      <TestMethod codeBase="c:/users/prasanth guruprasad/documents/visual studio 2010/Projects/IEnumerable.Tests/IEnumerable.Tests/bin/Debug/IEnumerable.Tests.DLL" adapterTypeName="Microsoft.VisualStudio.TestTools.TestTypes.Unit.UnitTestAdapter, Microsoft.VisualStudio.QualityTools.Tips.UnitTest.Adapter, Version=10.0.0.0, Culture=neutral, PublicKeyToken=b03f5f7f11d50a3a" className="IEnumerable.Tests.TestAny, IEnumerable.Tests, Version=1.0.0.0, Culture=neutral, PublicKeyToken=null" name="ShouldCheckWhetherAnyElementsSatisfyingApredicateExist" />
    </UnitTest>
    <UnitTest name="ShouldTestAncestor" storage="c:\users\prasanth guruprasad\documents\visual studio 2010\projects\ienumerable.tests\ienumerable.tests\bin\debug\ienumerable.tests.dll" id="a54efff6-85e6-1bb1-19bc-625c632135af">
      <Execution id="b8546595-5b62-42a8-b676-d104ff93481d" />
      <TestMethod codeBase="c:/users/prasanth guruprasad/documents/visual studio 2010/Projects/IEnumerable.Tests/IEnumerable.Tests/bin/Debug/IEnumerable.Tests.DLL" adapterTypeName="Microsoft.VisualStudio.TestTools.TestTypes.Unit.UnitTestAdapter, Microsoft.VisualStudio.QualityTools.Tips.UnitTest.Adapter, Version=10.0.0.0, Culture=neutral, PublicKeyToken=b03f5f7f11d50a3a" className="IEnumerable.Tests.TestAsEnumerable, IEnumerable.Tests, Version=1.0.0.0, Culture=neutral, PublicKeyToken=null" name="ShouldTestAncestor" />
    </UnitTest>
    <UnitTest name="ShouldCalculateAverageOfASequence" storage="c:\users\prasanth guruprasad\documents\visual studio 2010\projects\ienumerable.tests\ienumerable.tests\bin\debug\ienumerable.tests.dll" id="bf94d445-5577-308e-3192-24d591a5d11b">
      <Execution id="959face6-a969-479e-b4e2-a03297e4b8bb" />
      <TestMethod codeBase="c:/users/prasanth guruprasad/documents/visual studio 2010/Projects/IEnumerable.Tests/IEnumerable.Tests/bin/Debug/IEnumerable.Tests.DLL" adapterTypeName="Microsoft.VisualStudio.TestTools.TestTypes.Unit.UnitTestAdapter, Microsoft.VisualStudio.QualityTools.Tips.UnitTest.Adapter, Version=10.0.0.0, Culture=neutral, PublicKeyToken=b03f5f7f11d50a3a" className="IEnumerable.Tests.TestAverage, IEnumerable.Tests, Version=1.0.0.0, Culture=neutral, PublicKeyToken=null" name="ShouldCalculateAverageOfASequence" />
    </UnitTest>
    <UnitTest name="ShouldAverageAfterApplyingATransform" storage="c:\users\prasanth guruprasad\documents\visual studio 2010\projects\ienumerable.tests\ienumerable.tests\bin\debug\ienumerable.tests.dll" id="34d5231e-f492-2651-7c60-c46361c08917">
      <Execution id="f89b4af3-b819-4b0c-b004-38f16d38b5cf" />
      <TestMethod codeBase="c:/users/prasanth guruprasad/documents/visual studio 2010/Projects/IEnumerable.Tests/IEnumerable.Tests/bin/Debug/IEnumerable.Tests.DLL" adapterTypeName="Microsoft.VisualStudio.TestTools.TestTypes.Unit.UnitTestAdapter, Microsoft.VisualStudio.QualityTools.Tips.UnitTest.Adapter, Version=10.0.0.0, Culture=neutral, PublicKeyToken=b03f5f7f11d50a3a" className="IEnumerable.Tests.TestAverage, IEnumerable.Tests, Version=1.0.0.0, Culture=neutral, PublicKeyToken=null" name="ShouldAverageAfterApplyingATransform" />
    </UnitTest>
    <UnitTest name="ShouldAggregateOverAnEmptySequence" storage="c:\users\prasanth guruprasad\documents\visual studio 2010\projects\ienumerable.tests\ienumerable.tests\bin\debug\ienumerable.tests.dll" id="61b3348e-d5d7-9181-2971-aaa05c64b608">
      <Execution id="e1a83719-1f63-4dc7-966a-b2f81898f1d7" />
      <TestMethod codeBase="c:/users/prasanth guruprasad/documents/visual studio 2010/Projects/IEnumerable.Tests/IEnumerable.Tests/bin/Debug/IEnumerable.Tests.DLL" adapterTypeName="Microsoft.VisualStudio.TestTools.TestTypes.Unit.UnitTestAdapter, Microsoft.VisualStudio.QualityTools.Tips.UnitTest.Adapter, Version=10.0.0.0, Culture=neutral, PublicKeyToken=b03f5f7f11d50a3a" className="IEnumerable.Tests.TestAggregate, IEnumerable.Tests, Version=1.0.0.0, Culture=neutral, PublicKeyToken=null" name="ShouldAggregateOverAnEmptySequence" />
    </UnitTest>
    <UnitTest name="ShouldCastASequence" storage="c:\users\prasanth guruprasad\documents\visual studio 2010\projects\ienumerable.tests\ienumerable.tests\bin\debug\ienumerable.tests.dll" id="5aae0bcc-0a49-9bd4-6b50-8b695ae6356a">
      <Execution id="92936f94-2189-4b77-98ee-e8c513f88ebf" />
      <TestMethod codeBase="c:/users/prasanth guruprasad/documents/visual studio 2010/Projects/IEnumerable.Tests/IEnumerable.Tests/bin/Debug/IEnumerable.Tests.DLL" adapterTypeName="Microsoft.VisualStudio.TestTools.TestTypes.Unit.UnitTestAdapter, Microsoft.VisualStudio.QualityTools.Tips.UnitTest.Adapter, Version=10.0.0.0, Culture=neutral, PublicKeyToken=b03f5f7f11d50a3a" className="IEnumerable.Tests.TestCast, IEnumerable.Tests, Version=1.0.0.0, Culture=neutral, PublicKeyToken=null" name="ShouldCastASequence" />
    </UnitTest>
    <UnitTest name="ShouldTestWhetherAnyElementsInSequence" storage="c:\users\prasanth guruprasad\documents\visual studio 2010\projects\ienumerable.tests\ienumerable.tests\bin\debug\ienumerable.tests.dll" id="43724962-6eb9-1418-ef09-58523c1b8bd1">
      <Execution id="684f2f55-d045-4539-b076-0756a020a937" />
      <TestMethod codeBase="c:/users/prasanth guruprasad/documents/visual studio 2010/Projects/IEnumerable.Tests/IEnumerable.Tests/bin/Debug/IEnumerable.Tests.DLL" adapterTypeName="Microsoft.VisualStudio.TestTools.TestTypes.Unit.UnitTestAdapter, Microsoft.VisualStudio.QualityTools.Tips.UnitTest.Adapter, Version=10.0.0.0, Culture=neutral, PublicKeyToken=b03f5f7f11d50a3a" className="IEnumerable.Tests.TestAny, IEnumerable.Tests, Version=1.0.0.0, Culture=neutral, PublicKeyToken=null" name="ShouldTestWhetherAnyElementsInSequence" />
    </UnitTest>
    <UnitTest name="ShouldTestAllOnEmptySequence" storage="c:\users\prasanth guruprasad\documents\visual studio 2010\projects\ienumerable.tests\ienumerable.tests\bin\debug\ienumerable.tests.dll" id="9ae5f8ce-dbc0-7c6b-d342-027e55d850c7">
      <Execution id="b4f7bfc5-decb-4fbf-afc9-5707f605f8c4" />
      <TestMethod codeBase="c:/users/prasanth guruprasad/documents/visual studio 2010/Projects/IEnumerable.Tests/IEnumerable.Tests/bin/Debug/IEnumerable.Tests.DLL" adapterTypeName="Microsoft.VisualStudio.TestTools.TestTypes.Unit.UnitTestAdapter, Microsoft.VisualStudio.QualityTools.Tips.UnitTest.Adapter, Version=10.0.0.0, Culture=neutral, PublicKeyToken=b03f5f7f11d50a3a" className="IEnumerable.Tests.TestAll, IEnumerable.Tests, Version=1.0.0.0, Culture=neutral, PublicKeyToken=null" name="ShouldTestAllOnEmptySequence" />
    </UnitTest>
    <UnitTest name="ShouldAverageAfterApplyingANullableTransform" storage="c:\users\prasanth guruprasad\documents\visual studio 2010\projects\ienumerable.tests\ienumerable.tests\bin\debug\ienumerable.tests.dll" id="5d34b014-990b-dca7-ff82-6fca0f4b874e">
      <Execution id="4adcb00d-0245-4441-8301-b1a529caf3cf" />
      <TestMethod codeBase="c:/users/prasanth guruprasad/documents/visual studio 2010/Projects/IEnumerable.Tests/IEnumerable.Tests/bin/Debug/IEnumerable.Tests.DLL" adapterTypeName="Microsoft.VisualStudio.TestTools.TestTypes.Unit.UnitTestAdapter, Microsoft.VisualStudio.QualityTools.Tips.UnitTest.Adapter, Version=10.0.0.0, Culture=neutral, PublicKeyToken=b03f5f7f11d50a3a" className="IEnumerable.Tests.TestAverage, IEnumerable.Tests, Version=1.0.0.0, Culture=neutral, PublicKeyToken=null" name="ShouldAverageAfterApplyingANullableTransform" />
    </UnitTest>
    <UnitTest name="ShouldTestAllElementsInASequence" storage="c:\users\prasanth guruprasad\documents\visual studio 2010\projects\ienumerable.tests\ienumerable.tests\bin\debug\ienumerable.tests.dll" id="3dde9515-9c9b-aa9c-9d69-c4f0bca93f88">
      <Execution id="2dbe9d7a-84db-49e3-8ee2-b0644ad1cdcb" />
      <TestMethod codeBase="c:/users/prasanth guruprasad/documents/visual studio 2010/Projects/IEnumerable.Tests/IEnumerable.Tests/bin/Debug/IEnumerable.Tests.DLL" adapterTypeName="Microsoft.VisualStudio.TestTools.TestTypes.Unit.UnitTestAdapter, Microsoft.VisualStudio.QualityTools.Tips.UnitTest.Adapter, Version=10.0.0.0, Culture=neutral, PublicKeyToken=b03f5f7f11d50a3a" className="IEnumerable.Tests.TestAll, IEnumerable.Tests, Version=1.0.0.0, Culture=neutral, PublicKeyToken=null" name="ShouldTestAllElementsInASequence" />
    </UnitTest>
  </TestDefinitions>
  <TestLists>
    <TestList name="Results Not in a List" id="8c84fa94-04c1-424b-9868-57a2d4851a1d" />
    <TestList name="All Loaded Results" id="19431567-8539-422a-85d7-44ee4e166bda" />
  </TestLists>
  <TestEntries>
    <TestEntry testId="073725d1-ac0c-4c79-7ee9-38b38bb533cb" executionId="c793af31-f054-4a89-aaa8-8f12f0e65d2d" testListId="8c84fa94-04c1-424b-9868-57a2d4851a1d" />
    <TestEntry testId="0ba00e99-d7ed-2fb0-b051-e7103cb83408" executionId="09c1ae93-9681-4e4e-8f09-e07a77bf3ea8" testListId="8c84fa94-04c1-424b-9868-57a2d4851a1d" />
    <TestEntry testId="2c36914b-885d-c3f0-4965-b554d784c274" executionId="833994bb-19ae-48dc-94ee-09a8adfb8fea" testListId="8c84fa94-04c1-424b-9868-57a2d4851a1d" />
    <TestEntry testId="34d5231e-f492-2651-7c60-c46361c08917" executionId="f89b4af3-b819-4b0c-b004-38f16d38b5cf" testListId="8c84fa94-04c1-424b-9868-57a2d4851a1d" />
    <TestEntry testId="3dde9515-9c9b-aa9c-9d69-c4f0bca93f88" executionId="2dbe9d7a-84db-49e3-8ee2-b0644ad1cdcb" testListId="8c84fa94-04c1-424b-9868-57a2d4851a1d" />
    <TestEntry testId="43724962-6eb9-1418-ef09-58523c1b8bd1" executionId="684f2f55-d045-4539-b076-0756a020a937" testListId="8c84fa94-04c1-424b-9868-57a2d4851a1d" />
    <TestEntry testId="5aae0bcc-0a49-9bd4-6b50-8b695ae6356a" executionId="92936f94-2189-4b77-98ee-e8c513f88ebf" testListId="8c84fa94-04c1-424b-9868-57a2d4851a1d" />
    <TestEntry testId="5d34b014-990b-dca7-ff82-6fca0f4b874e" executionId="4adcb00d-0245-4441-8301-b1a529caf3cf" testListId="8c84fa94-04c1-424b-9868-57a2d4851a1d" />
    <TestEntry testId="61b3348e-d5d7-9181-2971-aaa05c64b608" executionId="e1a83719-1f63-4dc7-966a-b2f81898f1d7" testListId="8c84fa94-04c1-424b-9868-57a2d4851a1d" />
    <TestEntry testId="9ae5f8ce-dbc0-7c6b-d342-027e55d850c7" executionId="b4f7bfc5-decb-4fbf-afc9-5707f605f8c4" testListId="8c84fa94-04c1-424b-9868-57a2d4851a1d" />
    <TestEntry testId="a54efff6-85e6-1bb1-19bc-625c632135af" executionId="b8546595-5b62-42a8-b676-d104ff93481d" testListId="8c84fa94-04c1-424b-9868-57a2d4851a1d" />
    <TestEntry testId="bf94d445-5577-308e-3192-24d591a5d11b" executionId="959face6-a969-479e-b4e2-a03297e4b8bb" testListId="8c84fa94-04c1-424b-9868-57a2d4851a1d" />
    <TestEntry testId="dcd10a40-1fd8-e7ea-9245-16e78f5e9ec1" executionId="b99f7d02-504b-414e-8d22-04a667ed1541" testListId="8c84fa94-04c1-424b-9868-57a2d4851a1d" />
  </TestEntries>
  <Results>
    <UnitTestResult executionId="c793af31-f054-4a89-aaa8-8f12f0e65d2d" testId="073725d1-ac0c-4c79-7ee9-38b38bb533cb" testName="ShouldAggregateAndSelectAValueFromFinalResult" computerName="XFT000099993001" duration="00:00:00.0122613" startTime="2012-02-25T08:56:13.9227231+05:30" endTime="2012-02-25T08:56:14.2647427+05:30" testType="13cdc9d9-ddb5-4fa4-a97d-d965ccfc6d4b" outcome="Passed" testListId="8c84fa94-04c1-424b-9868-57a2d4851a1d" relativeResultsDirectory="c793af31-f054-4a89-aaa8-8f12f0e65d2d">
    </UnitTestResult>
    <UnitTestResult executionId="09c1ae93-9681-4e4e-8f09-e07a77bf3ea8" testId="0ba00e99-d7ed-2fb0-b051-e7103cb83408" testName="ShouldAggregateOverElementsInASequenceGivenASeed" computerName="XFT000099993001" duration="00:00:00.0002223" startTime="2012-02-25T08:56:14.2697430+05:30" endTime="2012-02-25T08:56:14.2727431+05:30" testType="13cdc9d9-ddb5-4fa4-a97d-d965ccfc6d4b" outcome="Passed" testListId="8c84fa94-04c1-424b-9868-57a2d4851a1d" relativeResultsDirectory="09c1ae93-9681-4e4e-8f09-e07a77bf3ea8">
    </UnitTestResult>
    <UnitTestResult executionId="833994bb-19ae-48dc-94ee-09a8adfb8fea" testId="2c36914b-885d-c3f0-4965-b554d784c274" testName="ShouldCheckWhetherAnyElementsSatisfyingApredicateExist" computerName="XFT000099993001" duration="00:00:00.0020566" startTime="2012-02-25T08:56:14.2777434+05:30" endTime="2012-02-25T08:56:14.2857439+05:30" testType="13cdc9d9-ddb5-4fa4-a97d-d965ccfc6d4b" outcome="Passed" testListId="8c84fa94-04c1-424b-9868-57a2d4851a1d" relativeResultsDirectory="833994bb-19ae-48dc-94ee-09a8adfb8fea">
    </UnitTestResult>
    <UnitTestResult executionId="f89b4af3-b819-4b0c-b004-38f16d38b5cf" testId="34d5231e-f492-2651-7c60-c46361c08917" testName="ShouldAverageAfterApplyingATransform" computerName="XFT000099993001" duration="00:00:00.0303997" startTime="2012-02-25T08:56:14.2897441+05:30" endTime="2012-02-25T08:56:14.3217459+05:30" testType="13cdc9d9-ddb5-4fa4-a97d-d965ccfc6d4b" outcome="Passed" testListId="8c84fa94-04c1-424b-9868-57a2d4851a1d" relativeResultsDirectory="f89b4af3-b819-4b0c-b004-38f16d38b5cf">
    </UnitTestResult>
    <UnitTestResult executionId="2dbe9d7a-84db-49e3-8ee2-b0644ad1cdcb" testId="3dde9515-9c9b-aa9c-9d69-c4f0bca93f88" testName="ShouldTestAllElementsInASequence" computerName="XFT000099993001" duration="00:00:00.0009467" startTime="2012-02-25T08:56:14.3267462+05:30" endTime="2012-02-25T08:56:14.3297464+05:30" testType="13cdc9d9-ddb5-4fa4-a97d-d965ccfc6d4b" outcome="Passed" testListId="8c84fa94-04c1-424b-9868-57a2d4851a1d" relativeResultsDirectory="2dbe9d7a-84db-49e3-8ee2-b0644ad1cdcb">
    </UnitTestResult>
    <UnitTestResult executionId="684f2f55-d045-4539-b076-0756a020a937" testId="43724962-6eb9-1418-ef09-58523c1b8bd1" testName="ShouldTestWhetherAnyElementsInSequence" computerName="XFT000099993001" duration="00:00:00.0005535" startTime="2012-02-25T08:56:14.3347467+05:30" endTime="2012-02-25T08:56:14.3377468+05:30" testType="13cdc9d9-ddb5-4fa4-a97d-d965ccfc6d4b" outcome="Passed" testListId="8c84fa94-04c1-424b-9868-57a2d4851a1d" relativeResultsDirectory="684f2f55-d045-4539-b076-0756a020a937">
    </UnitTestResult>
    <UnitTestResult executionId="92936f94-2189-4b77-98ee-e8c513f88ebf" testId="5aae0bcc-0a49-9bd4-6b50-8b695ae6356a" testName="ShouldCastASequence" computerName="XFT000099993001" duration="00:00:00.0622910" startTime="2012-02-25T08:56:14.3437472+05:30" endTime="2012-02-25T08:56:14.4087509+05:30" testType="13cdc9d9-ddb5-4fa4-a97d-d965ccfc6d4b" outcome="Failed" testListId="8c84fa94-04c1-424b-9868-57a2d4851a1d" relativeResultsDirectory="92936f94-2189-4b77-98ee-e8c513f88ebf">
      <Output>
        <StdOut>1</StdOut>
        <ErrorInfo>
          <Message>Test method IEnumerable.Tests.TestCast.ShouldCastASequence threw exception: 
System.InvalidCastException: Specified cast is not valid.</Message>
          <StackTrace>    at System.Linq.Enumerable.&lt;CastIterator&gt;d__b1`1.MoveNext()
   at IEnumerable.Tests.TestCast.ShouldCastASequence() in c:\users\prasanth guruprasad\documents\visual studio 2010\Projects\IEnumerable.Tests\IEnumerable.Tests\TestCast.cs:line 22
</StackTrace>
        </ErrorInfo>
      </Output>
    </UnitTestResult>
    <UnitTestResult executionId="4adcb00d-0245-4441-8301-b1a529caf3cf" testId="5d34b014-990b-dca7-ff82-6fca0f4b874e" testName="ShouldAverageAfterApplyingANullableTransform" computerName="XFT000099993001" duration="00:00:00.0079919" startTime="2012-02-25T08:56:14.4127511+05:30" endTime="2012-02-25T08:56:14.4257519+05:30" testType="13cdc9d9-ddb5-4fa4-a97d-d965ccfc6d4b" outcome="Passed" testListId="8c84fa94-04c1-424b-9868-57a2d4851a1d" relativeResultsDirectory="4adcb00d-0245-4441-8301-b1a529caf3cf">
      <Output>
        <StdOut>True</StdOut>
      </Output>
    </UnitTestResult>
    <UnitTestResult executionId="e1a83719-1f63-4dc7-966a-b2f81898f1d7" testId="61b3348e-d5d7-9181-2971-aaa05c64b608" testName="ShouldAggregateOverAnEmptySequence" computerName="XFT000099993001" duration="00:00:00.0018002" startTime="2012-02-25T08:56:14.4297521+05:30" endTime="2012-02-25T08:56:14.4347524+05:30" testType="13cdc9d9-ddb5-4fa4-a97d-d965ccfc6d4b" outcome="Passed" testListId="8c84fa94-04c1-424b-9868-57a2d4851a1d" relativeResultsDirectory="e1a83719-1f63-4dc7-966a-b2f81898f1d7">
    </UnitTestResult>
    <UnitTestResult executionId="b4f7bfc5-decb-4fbf-afc9-5707f605f8c4" testId="9ae5f8ce-dbc0-7c6b-d342-027e55d850c7" testName="ShouldTestAllOnEmptySequence" computerName="XFT000099993001" duration="00:00:00.0001865" startTime="2012-02-25T08:56:14.4387526+05:30" endTime="2012-02-25T08:56:14.4407527+05:30" testType="13cdc9d9-ddb5-4fa4-a97d-d965ccfc6d4b" outcome="Passed" testListId="8c84fa94-04c1-424b-9868-57a2d4851a1d" relativeResultsDirectory="b4f7bfc5-decb-4fbf-afc9-5707f605f8c4">
    </UnitTestResult>
    <UnitTestResult executionId="b8546595-5b62-42a8-b676-d104ff93481d" testId="a54efff6-85e6-1bb1-19bc-625c632135af" testName="ShouldTestAncestor" computerName="XFT000099993001" duration="00:00:00.0004117" startTime="2012-02-25T08:56:14.4457530+05:30" endTime="2012-02-25T08:56:14.4497532+05:30" testType="13cdc9d9-ddb5-4fa4-a97d-d965ccfc6d4b" outcome="Passed" testListId="8c84fa94-04c1-424b-9868-57a2d4851a1d" relativeResultsDirectory="b8546595-5b62-42a8-b676-d104ff93481d">
    </UnitTestResult>
    <UnitTestResult executionId="959face6-a969-479e-b4e2-a03297e4b8bb" testId="bf94d445-5577-308e-3192-24d591a5d11b" testName="ShouldCalculateAverageOfASequence" computerName="XFT000099993001" duration="00:00:00.0008489" startTime="2012-02-25T08:56:14.4547535+05:30" endTime="2012-02-25T08:56:14.4577537+05:30" testType="13cdc9d9-ddb5-4fa4-a97d-d965ccfc6d4b" outcome="Passed" testListId="8c84fa94-04c1-424b-9868-57a2d4851a1d" relativeResultsDirectory="959face6-a969-479e-b4e2-a03297e4b8bb">
    </UnitTestResult>
    <UnitTestResult executionId="b99f7d02-504b-414e-8d22-04a667ed1541" testId="dcd10a40-1fd8-e7ea-9245-16e78f5e9ec1" testName="ShouldAggregateAllElementsInASequence" computerName="XFT000099993001" duration="00:00:00.0002136" startTime="2012-02-25T08:56:14.4627540+05:30" endTime="2012-02-25T08:56:14.4647541+05:30" testType="13cdc9d9-ddb5-4fa4-a97d-d965ccfc6d4b" outcome="Passed" testListId="8c84fa94-04c1-424b-9868-57a2d4851a1d" relativeResultsDirectory="b99f7d02-504b-414e-8d22-04a667ed1541">
    </UnitTestResult>
  </Results>
</TestRun>